Mon Oct 30 10:11:40 EDT 2017  [debug] AvalonLogSystem initialized using logfile 'C:\Users\gouthamgoud\Workspaces\MyEclipse 8.6\.metadata\.plugins\com.genuitec.eclipse.templates\velocity.log'
Mon Oct 30 10:11:40 EDT 2017   [info] ************************************************************** 
Mon Oct 30 10:11:40 EDT 2017   [info] Starting Jakarta Velocity v1.4
Mon Oct 30 10:11:40 EDT 2017   [info] RuntimeInstance initializing.
Mon Oct 30 10:11:40 EDT 2017   [info] Default Properties File: org\apache\velocity\runtime\defaults\velocity.properties
Mon Oct 30 10:11:40 EDT 2017   [info] Trying to use logger class org.apache.velocity.runtime.log.AvalonLogSystem
Mon Oct 30 10:11:40 EDT 2017   [info] Using logger class org.apache.velocity.runtime.log.AvalonLogSystem
Mon Oct 30 10:11:40 EDT 2017   [info] Default ResourceManager initializing. (class org.apache.velocity.runtime.resource.ResourceManagerImpl)
Mon Oct 30 10:11:40 EDT 2017   [info] Resource Loader Instantiated: com.genuitec.eclipse.templates.internal.PluginResourceLoader
Mon Oct 30 10:11:40 EDT 2017   [info] ResourceCache : initialized. (class org.apache.velocity.runtime.resource.ResourceCacheImpl)
Mon Oct 30 10:11:40 EDT 2017   [info] Default ResourceManager initialization complete.
Mon Oct 30 10:11:40 EDT 2017   [info] Loaded System Directive: org.apache.velocity.runtime.directive.Literal
Mon Oct 30 10:11:40 EDT 2017   [info] Loaded System Directive: org.apache.velocity.runtime.directive.Macro
Mon Oct 30 10:11:40 EDT 2017   [info] Loaded System Directive: org.apache.velocity.runtime.directive.Parse
Mon Oct 30 10:11:40 EDT 2017   [info] Loaded System Directive: org.apache.velocity.runtime.directive.Include
Mon Oct 30 10:11:40 EDT 2017   [info] Loaded System Directive: org.apache.velocity.runtime.directive.Foreach
Mon Oct 30 10:11:40 EDT 2017   [info] Created: 20 parsers.
Mon Oct 30 10:11:40 EDT 2017   [info] Velocimacro : initialization starting.
Mon Oct 30 10:11:40 EDT 2017   [info] Velocimacro : adding VMs from VM library template : VM_global_library.vm
Mon Oct 30 10:11:40 EDT 2017   [info] ResourceManager : found VM_global_library.vm with loader com.genuitec.eclipse.templates.internal.PluginResourceLoader
Mon Oct 30 10:11:40 EDT 2017   [info] Velocimacro :  VM library template macro registration complete.
Mon Oct 30 10:11:40 EDT 2017   [info] Velocimacro : allowInline = true : VMs can be defined inline in templates
Mon Oct 30 10:11:40 EDT 2017   [info] Velocimacro : allowInlineToOverride = true : VMs defined inline may replace previous VM definitions
Mon Oct 30 10:11:40 EDT 2017   [info] Velocimacro : allowInlineLocal = true : VMs defined inline will be local to their defining template only.
Mon Oct 30 10:11:40 EDT 2017   [info] Velocimacro : messages on  : VM system will output logging messages
Mon Oct 30 10:11:40 EDT 2017   [info] Velocimacro : autoload off  : VM system will not automatically reload global library macros
Mon Oct 30 10:11:40 EDT 2017   [info] Velocimacro : initialization complete.
Mon Oct 30 10:11:40 EDT 2017   [info] Velocity successfully started.
Mon Oct 30 10:11:40 EDT 2017   [info] ResourceManager : found data/1.2/applicationContext-template-2.xml.vtl with loader com.genuitec.eclipse.templates.internal.PluginResourceLoader
Mon Oct 30 10:20:42 EDT 2017   [info] ResourceManager : found templates/jsp/Jsp.vtl with loader com.genuitec.eclipse.templates.internal.PluginResourceLoader
Mon Oct 30 10:20:42 EDT 2017   [info] ResourceManager : found templates/jsp/JSPMetaTags.vtl with loader com.genuitec.eclipse.templates.internal.PluginResourceLoader
Mon Oct 30 10:26:37 EDT 2017   [info] ResourceManager : found templates/xml/Xml.vtl with loader com.genuitec.eclipse.templates.internal.PluginResourceLoader
Mon Oct 30 10:33:17 EDT 2017   [info] ResourceManager : found templates/xml/Xml.vtl with loader com.genuitec.eclipse.templates.internal.PluginResourceLoader
